<?xml version="1.0" encoding="UTF-8"?>
<testng-results ignored="0" total="0" passed="0" failed="0" skipped="0">
  <reporter-output>
  </reporter-output>
  <suite started-at="2022-05-21T12:53:36 IST" name="webTest.AddUserTest" finished-at="2022-05-21T12:53:36 IST" duration-ms="12">
    <groups>
    </groups>
    <test started-at="2022-05-21T12:53:36 IST" name="Command line test" finished-at="2022-05-21T12:53:36 IST" duration-ms="12">
    </test> <!-- Command line test -->
  </suite> <!-- webTest.AddUserTest -->
</testng-results>
