<?xml version="1.0" encoding="UTF-8"?>
<testng-results total="1" passed="1" failed="0" skipped="0">
  <reporter-output>
  </reporter-output>
  <suite started-at="2022-06-08T12:04:42Z" name="Default suite" finished-at="2022-06-08T12:05:20Z" duration-ms="37752">
    <groups>
      <group name="sanity">
        <method signature="LogoutTest.checkLogout()[pri:0, instance:webTest.LogoutTest@6cc558c6]" name="checkLogout" class="webTest.LogoutTest"/>
      </group> <!-- sanity -->
    </groups>
    <test started-at="2022-06-08T12:04:42Z" name="Default test" finished-at="2022-06-08T12:05:20Z" duration-ms="37752">
      <class name="webTest.LogoutTest">
        <test-method signature="checkLogout()[pri:0, instance:webTest.LogoutTest@6cc558c6]" started-at="2022-06-08T17:34:42Z" name="checkLogout" finished-at="2022-06-08T17:35:20Z" duration-ms="37310" status="PASS">
          <reporter-output>
          </reporter-output>
        </test-method> <!-- checkLogout -->
        <test-method is-config="true" signature="teardown()[pri:0, instance:webTest.LogoutTest@6cc558c6]" started-at="2022-06-08T17:35:20Z" name="teardown" finished-at="2022-06-08T17:35:20Z" duration-ms="410" status="PASS">
          <reporter-output>
          </reporter-output>
        </test-method> <!-- teardown -->
      </class> <!-- webTest.LogoutTest -->
    </test> <!-- Default test -->
  </suite> <!-- Default suite -->
</testng-results>
