<?xml version="1.0" encoding="UTF-8"?>
<testng-results total="1" passed="1" failed="0" skipped="0">
  <reporter-output>
  </reporter-output>
  <suite started-at="2022-06-14T13:50:02Z" name="Default suite" finished-at="2022-06-14T13:52:32Z" duration-ms="149765">
    <groups>
      <group name="sanity">
        <method signature="GuardProfileTest.GuardProfile()[pri:0, instance:webTest.GuardProfileTest@6cc558c6]" name="GuardProfile" class="webTest.GuardProfileTest"/>
      </group> <!-- sanity -->
    </groups>
    <test started-at="2022-06-14T13:50:02Z" name="Default test" finished-at="2022-06-14T13:52:32Z" duration-ms="149765">
      <class name="webTest.GuardProfileTest">
        <test-method signature="GuardProfile()[pri:0, instance:webTest.GuardProfileTest@6cc558c6]" started-at="2022-06-14T19:20:02Z" name="GuardProfile" finished-at="2022-06-14T19:22:32Z" duration-ms="149330" status="PASS">
          <reporter-output>
          </reporter-output>
        </test-method> <!-- GuardProfile -->
        <test-method is-config="true" signature="teardown()[pri:0, instance:webTest.GuardProfileTest@6cc558c6]" started-at="2022-06-14T19:22:32Z" name="teardown" finished-at="2022-06-14T19:22:32Z" duration-ms="418" status="PASS">
          <reporter-output>
          </reporter-output>
        </test-method> <!-- teardown -->
      </class> <!-- webTest.GuardProfileTest -->
    </test> <!-- Default test -->
  </suite> <!-- Default suite -->
</testng-results>
