<?xml version="1.0" encoding="UTF-8"?>
<testng-results total="1" passed="1" failed="0" skipped="0">
  <reporter-output>
  </reporter-output>
  <suite started-at="2022-06-09T12:51:10Z" name="Default suite" finished-at="2022-06-09T12:52:19Z" duration-ms="69239">
    <groups>
      <group name="sanity">
        <method signature="Blocks_Wings_Test.BlockTests()[pri:0, instance:webTest.Blocks_Wings_Test@6cc558c6]" name="BlockTests" class="webTest.Blocks_Wings_Test"/>
      </group> <!-- sanity -->
    </groups>
    <test started-at="2022-06-09T12:51:10Z" name="Default test" finished-at="2022-06-09T12:52:19Z" duration-ms="69239">
      <class name="webTest.Blocks_Wings_Test">
        <test-method signature="BlockTests()[pri:0, instance:webTest.Blocks_Wings_Test@6cc558c6]" started-at="2022-06-09T18:21:10Z" name="BlockTests" finished-at="2022-06-09T18:22:19Z" duration-ms="68828" status="PASS">
          <reporter-output>
          </reporter-output>
        </test-method> <!-- BlockTests -->
        <test-method is-config="true" signature="teardown()[pri:0, instance:webTest.Blocks_Wings_Test@6cc558c6]" started-at="2022-06-09T18:22:19Z" name="teardown" finished-at="2022-06-09T18:22:19Z" duration-ms="391" status="PASS">
          <reporter-output>
          </reporter-output>
        </test-method> <!-- teardown -->
      </class> <!-- webTest.Blocks_Wings_Test -->
    </test> <!-- Default test -->
  </suite> <!-- Default suite -->
</testng-results>
