<?xml version="1.0" encoding="UTF-8"?>
<testng-results total="1" passed="1" failed="0" skipped="0">
  <reporter-output>
  </reporter-output>
  <suite started-at="2022-05-31T06:14:26Z" name="Default suite" finished-at="2022-05-31T06:16:39Z" duration-ms="132995">
    <groups>
      <group name="sanity">
        <method signature="VehicleSetupTest.VehicleSetup()[pri:0, instance:webTest.VehicleSetupTest@6cc558c6]" name="VehicleSetup" class="webTest.VehicleSetupTest"/>
      </group> <!-- sanity -->
    </groups>
    <test started-at="2022-05-31T06:14:26Z" name="Default test" finished-at="2022-05-31T06:16:39Z" duration-ms="132995">
      <class name="webTest.VehicleSetupTest">
        <test-method signature="VehicleSetup()[pri:0, instance:webTest.VehicleSetupTest@6cc558c6]" started-at="2022-05-31T11:44:26Z" name="VehicleSetup" finished-at="2022-05-31T11:46:38Z" duration-ms="132648" status="PASS">
          <reporter-output>
          </reporter-output>
        </test-method> <!-- VehicleSetup -->
        <test-method is-config="true" signature="teardown()[pri:0, instance:webTest.VehicleSetupTest@6cc558c6]" started-at="2022-05-31T11:46:39Z" name="teardown" finished-at="2022-05-31T11:46:39Z" duration-ms="330" status="PASS">
          <reporter-output>
          </reporter-output>
        </test-method> <!-- teardown -->
      </class> <!-- webTest.VehicleSetupTest -->
    </test> <!-- Default test -->
  </suite> <!-- Default suite -->
</testng-results>
